# JRE version: Java(TM) SE Runtime Environment (11.0.2+9) (build 11.0.2+9-LTS)
# Java VM: Java HotSpot(TM) 64-Bit Server VM (11.0.2+9-LTS, mixed mode, tiered, compressed oops, g1 gc, linux-amd64)
Heap:
 garbage-first heap   total 134144K, used 18672K [0x00000000c3c00000, 0x0000000100000000)
  region size 1024K, 1 young (1024K), 1 survivors (1024K)
 Metaspace       used 28375K, capacity 29064K, committed 29360K, reserved 1075200K
  class space    used 3004K, capacity 3234K, committed 3328K, reserved 1048576K
GC Heap History (10 events):
Event: 3.448 GC heap after
{Heap after GC invocations=6 (full 0):
 garbage-first heap   total 76800K, used 11049K [0x00000000c3c00000, 0x0000000100000000)
  region size 1024K, 3 young (3072K), 3 survivors (3072K)
 Metaspace       used 21058K, capacity 21415K, committed 21808K, reserved 1069056K
  class space    used 2241K, capacity 2353K, committed 2432K, reserved 1048576K
}
Event: 4.472 GC heap before
{Heap before GC invocations=6 (full 0):
 garbage-first heap   total 76800K, used 43817K [0x00000000c3c00000, 0x0000000100000000)
  region size 1024K, 35 young (35840K), 3 survivors (3072K)
 Metaspace       used 22482K, capacity 22974K, committed 23216K, reserved 1071104K
  class space    used 2378K, capacity 2535K, committed 2560K, reserved 1048576K
}
Event: 4.486 GC heap after
{Heap after GC invocations=7 (full 0):
 garbage-first heap   total 76800K, used 12808K [0x00000000c3c00000, 0x0000000100000000)
  region size 1024K, 4 young (4096K), 4 survivors (4096K)
 Metaspace       used 22482K, capacity 22974K, committed 23216K, reserved 1071104K
  class space    used 2378K, capacity 2535K, committed 2560K, reserved 1048576K
}
Event: 5.132 GC heap before
{Heap before GC invocations=7 (full 0):
 garbage-first heap   total 76800K, used 46600K [0x00000000c3c00000, 0x0000000100000000)
  region size 1024K, 37 young (37888K), 4 survivors (4096K)
 Metaspace       used 22739K, capacity 23235K, committed 23472K, reserved 1071104K
  class space    used 2379K, capacity 2536K, committed 2560K, reserved 1048576K
}
Event: 5.154 GC heap after
{Heap after GC invocations=8 (full 0):
 garbage-first heap   total 76800K, used 13866K [0x00000000c3c00000, 0x0000000100000000)
  region size 1024K, 3 young (3072K), 3 survivors (3072K)
 Metaspace       used 22739K, capacity 23235K, committed 23472K, reserved 1071104K
  class space    used 2379K, capacity 2536K, committed 2560K, reserved 1048576K
}
Event: 48.689 GC heap before
{Heap before GC invocations=8 (full 0):
 garbage-first heap   total 76800K, used 47658K [0x00000000c3c00000, 0x0000000100000000)
  region size 1024K, 37 young (37888K), 3 survivors (3072K)
 Metaspace       used 28005K, capacity 28744K, committed 29104K, reserved 1075200K
  class space    used 2987K, capacity 3234K, committed 3328K, reserved 1048576K
}
Event: 48.702 GC heap after
{Heap after GC invocations=9 (full 0):
 garbage-first heap   total 76800K, used 17093K [0x00000000c3c00000, 0x0000000100000000)
  region size 1024K, 5 young (5120K), 5 survivors (5120K)
 Metaspace       used 28005K, capacity 28744K, committed 29104K, reserved 1075200K
  class space    used 2987K, capacity 3234K, committed 3328K, reserved 1048576K
}
Event: 49.254 GC heap before
{Heap before GC invocations=9 (full 0):
 garbage-first heap   total 76800K, used 49861K [0x00000000c3c00000, 0x0000000100000000)
  region size 1024K, 38 young (38912K), 5 survivors (5120K)
 Metaspace       used 28373K, capacity 29064K, committed 29360K, reserved 1075200K
  class space    used 3004K, capacity 3234K, committed 3328K, reserved 1048576K
}
Event: 50.709 GC heap after
{Heap after GC invocations=10 (full 0):
 garbage-first heap   total 76800K, used 21606K [0x00000000c3c00000, 0x0000000100000000)
  region size 1024K, 5 young (5120K), 5 survivors (5120K)
 Metaspace       used 28373K, capacity 29064K, committed 29360K, reserved 1075200K
  class space    used 3004K, capacity 3234K, committed 3328K, reserved 1048576K
}
Event: 61.801 GC heap before
{Heap before GC invocations=10 (full 0):
 garbage-first heap   total 76800K, used 22630K [0x00000000c3c00000, 0x0000000100000000)
  region size 1024K, 6 young (6144K), 5 survivors (5120K)
 Metaspace       used 28375K, capacity 29064K, committed 29360K, reserved 1075200K
  class space    used 3004K, capacity 3234K, committed 3328K, reserved 1048576K
}

